[    0.000000] Linux version 4.15.0-211-generic (buildd@lcy02-amd64-047) (gcc version 7.5.0 (Ubuntu 7.5.0-3ubuntu1~18.04)) #222-Ubuntu SMP Tue Apr 18 18:55:06 UTC 2023 (Ubuntu 4.15.0-211.222-generic 4.15.18)
[    0.000000] Command line: BOOT_IMAGE=/boot/vmlinuz-4.15.0-211-generic root=LABEL=cloudimg-rootfs ro console=tty1 console=ttyS0
[    0.000000] KERNEL supported cpus:
[    0.000000]   Intel GenuineIntel
[    0.000000]   AMD AuthenticAMD
[    0.000000]   Centaur CentaurHauls
[    0.000000] x86/fpu: x87 FPU will use FXSAVE
[    0.000000] e820: BIOS-provided physical RAM map:
[    0.000000] BIOS-e820: [mem 0x0000000000000000-0x000000000009fbff] usable
[    0.000000] BIOS-e820: [mem 0x000000000009fc00-0x000000000009ffff] reserved
[    0.000000] BIOS-e820: [mem 0x00000000000f0000-0x00000000000fffff] reserved
[    0.000000] BIOS-e820: [mem 0x0000000000100000-0x000000007ffeffff] usable
[    0.000000] BIOS-e820: [mem 0x000000007fff0000-0x000000007fffffff] ACPI data
[    0.000000] BIOS-e820: [mem 0x00000000fec00000-0x00000000fec00fff] reserved
[    0.000000] BIOS-e820: [mem 0x00000000fee00000-0x00000000fee00fff] reserved
[    0.000000] BIOS-e820: [mem 0x00000000fffc0000-0x00000000ffffffff] reserved
[    0.000000] NX (Execute Disable) protection: active
[    0.000000] SMBIOS 2.5 present.
[    0.000000] DMI: innotek GmbH VirtualBox/VirtualBox, BIOS VirtualBox 12/01/2006
[    0.000000] Hypervisor detected: KVM
[    0.000000] e820: last_pfn = 0x7fff0 max_arch_pfn = 0x400000000
[    0.000000] MTRR: Disabled
[    0.000000] x86/PAT: MTRRs disabled, skipping PAT initialization too.
[    0.000000] CPU MTRRs all blank - virtualized system.
[    0.000000] x86/PAT: Configuration [0-7]: WB  WT  UC- UC  WB  WT  UC- UC  
[    0.000000] found SMP MP-table at [mem 0x0009fff0-0x0009ffff]
[    0.000000] Scanning 1 areas for low memory corruption
[    0.000000] RAMDISK: [mem 0x359c7000-0x36cdafff]
[    0.000000] ACPI: Early table checksum verification disabled
[    0.000000] ACPI: RSDP 0x00000000000E0000 000024 (v02 VBOX  )
[    0.000000] ACPI: XSDT 0x000000007FFF0030 00003C (v01 VBOX   VBOXXSDT 00000001 ASL  00000061)
[    0.000000] ACPI: FACP 0x000000007FFF00F0 0000F4 (v04 VBOX   VBOXFACP 00000001 ASL  00000061)
[    0.000000] ACPI: DSDT 0x000000007FFF0610 002353 (v02 VBOX   VBOXBIOS 00000002 INTL 20100528)
[    0.000000] ACPI: FACS 0x000000007FFF0200 000040
[    0.000000] ACPI: FACS 0x000000007FFF0200 000040
[    0.000000] ACPI: APIC 0x000000007FFF0240 00005C (v02 VBOX   VBOXAPIC 00000001 ASL  00000061)
[    0.000000] ACPI: SSDT 0x000000007FFF02A0 00036C (v01 VBOX   VBOXCPUT 00000002 INTL 20100528)
[    0.000000] ACPI: Reserving FACP table memory at [mem 0x7fff00f0-0x7fff01e3]
[    0.000000] ACPI: Reserving DSDT table memory at [mem 0x7fff0610-0x7fff2962]
[    0.000000] ACPI: Reserving FACS table memory at [mem 0x7fff0200-0x7fff023f]
[    0.000000] ACPI: Reserving FACS table memory at [mem 0x7fff0200-0x7fff023f]
[    0.000000] ACPI: Reserving APIC table memory at [mem 0x7fff0240-0x7fff029b]
[    0.000000] ACPI: Reserving SSDT table memory at [mem 0x7fff02a0-0x7fff060b]
[    0.000000] No NUMA configuration found
[    0.000000] Faking a node at [mem 0x0000000000000000-0x000000007ffeffff]
[    0.000000] NODE_DATA(0) allocated [mem 0x7ffc5000-0x7ffeffff]
[    0.000000] kvm-clock: cpu 0, msr 0:7ff44001, primary cpu clock
[    0.000000] kvm-clock: Using msrs 4b564d01 and 4b564d00
[    0.000000] kvm-clock: using sched offset of 4013750822 cycles
[    0.000000] clocksource: kvm-clock: mask: 0xffffffffffffffff max_cycles: 0x1cd42e4dffb, max_idle_ns: 881590591483 ns
[    0.000000] Zone ranges:
[    0.000000]   DMA      [mem 0x0000000000001000-0x0000000000ffffff]
[    0.000000]   DMA32    [mem 0x0000000001000000-0x000000007ffeffff]
[    0.000000]   Normal   empty
[    0.000000]   Device   empty
[    0.000000] Movable zone start for each node
[    0.000000] Early memory node ranges
[    0.000000]   node   0: [mem 0x0000000000001000-0x000000000009efff]
[    0.000000]   node   0: [mem 0x0000000000100000-0x000000007ffeffff]
[    0.000000] Reserved but unavailable: 104 pages
[    0.000000] Initmem setup node 0 [mem 0x0000000000001000-0x000000007ffeffff]
[    0.000000] ACPI: PM-Timer IO Port: 0x4008
[    0.000000] IOAPIC[0]: apic_id 2, version 32, address 0xfec00000, GSI 0-23
[    0.000000] ACPI: INT_SRC_OVR (bus 0 bus_irq 0 global_irq 2 dfl dfl)
[    0.000000] ACPI: INT_SRC_OVR (bus 0 bus_irq 9 global_irq 9 low level)
[    0.000000] Using ACPI (MADT) for SMP configuration information
[    0.000000] smpboot: Allowing 2 CPUs, 0 hotplug CPUs
[    0.000000] PM: Registered nosave memory: [mem 0x00000000-0x00000fff]
[    0.000000] PM: Registered nosave memory: [mem 0x0009f000-0x0009ffff]
[    0.000000] PM: Registered nosave memory: [mem 0x000a0000-0x000effff]
[    0.000000] PM: Registered nosave memory: [mem 0x000f0000-0x000fffff]
[    0.000000] e820: [mem 0x80000000-0xfebfffff] available for PCI devices
[    0.000000] Booting paravirtualized kernel on KVM
[    0.000000] clocksource: refined-jiffies: mask: 0xffffffff max_cycles: 0xffffffff, max_idle_ns: 7645519600211568 ns
[    0.000000] setup_percpu: NR_CPUS:8192 nr_cpumask_bits:2 nr_cpu_ids:2 nr_node_ids:1
[    0.000000] percpu: Embedded 50 pages/cpu s167936 r8192 d28672 u1048576
[    0.000000] PV qspinlock hash table entries: 256 (order: 0, 4096 bytes)
[    0.000000] Built 1 zonelists, mobility grouping on.  Total pages: 515961
[    0.000000] Policy zone: DMA32
[    0.000000] Kernel command line: BOOT_IMAGE=/boot/vmlinuz-4.15.0-211-generic root=LABEL=cloudimg-rootfs ro console=tty1 console=ttyS0
[    0.000000] Memory: 2014828K/2096696K available (12300K kernel code, 2477K rwdata, 4324K rodata, 2480K init, 2720K bss, 81868K reserved, 0K cma-reserved)
[    0.000000] SLUB: HWalign=64, Order=0-3, MinObjects=0, CPUs=2, Nodes=1
[    0.000000] ftrace: allocating 39508 entries in 155 pages
[    0.004000] Hierarchical RCU implementation.
[    0.004000] 	RCU restricting CPUs from NR_CPUS=8192 to nr_cpu_ids=2.
[    0.004000] 	Tasks RCU enabled.
[    0.004000] RCU: Adjusting geometry for rcu_fanout_leaf=16, nr_cpu_ids=2
[    0.004000] NR_IRQS: 524544, nr_irqs: 440, preallocated irqs: 16
[    0.004000] random: crng init done
[    0.004000] Console: colour VGA+ 80x25
[    0.004000] console [tty1] enabled
[    0.004000] console [ttyS0] enabled
[    0.004000] ACPI: Core revision 20170831
[    0.004000] ACPI: 2 ACPI AML tables successfully acquired and loaded
[    0.004000] APIC: Switch to symmetric I/O mode setup
[    0.004000] ..TIMER: vector=0x30 apic1=0 pin1=2 apic2=-1 pin2=-1
[    0.004021] tsc: Detected 2995.198 MHz processor
[    0.008020] Calibrating delay loop (skipped) preset value.. 5990.39 BogoMIPS (lpj=11980792)
[    0.012011] pid_max: default: 32768 minimum: 301
[    0.016103] Security Framework initialized
[    0.020019] Yama: becoming mindful.
[    0.024139] AppArmor: AppArmor initialized
[    0.039012] Dentry cache hash table entries: 262144 (order: 9, 2097152 bytes)
[    0.045995] Inode-cache hash table entries: 131072 (order: 8, 1048576 bytes)
[    0.048341] Mount-cache hash table entries: 4096 (order: 3, 32768 bytes)
[    0.056051] Mountpoint-cache hash table entries: 4096 (order: 3, 32768 bytes)
[    0.061830] Last level iTLB entries: 4KB 0, 2MB 0, 4MB 0
[    0.064010] Last level dTLB entries: 4KB 0, 2MB 0, 4MB 0, 1GB 0
[    0.068012] Spectre V1 : Mitigation: usercopy/swapgs barriers and __user pointer sanitization
[    0.072010] Spectre V2 : Mitigation: Enhanced IBRS
[    0.076009] Spectre V2 : Spectre v2 / SpectreRSB mitigation: Filling RSB on context switch
[    0.080014] Spectre V2 : Spectre v2 / PBRSB-eIBRS: Retire a single CALL on VMEXIT
[    0.084009] RETBleed: Mitigation: Enhanced IBRS
[    0.088017] Speculative Store Bypass: Vulnerable
[    0.092265] Freeing SMP alternatives memory: 36K
[    0.218638] APIC calibration not consistent with PM-Timer: 103ms instead of 100ms
[    0.220000] APIC delta adjusted to PM-Timer: 6422670 (6633982)
[    0.220558] smpboot: CPU0: 11th Gen Intel(R) Core(TM) i3-1115G4 @ 3.00GHz (family: 0x6, model: 0x8c, stepping: 0x1)
[    0.224417] Performance Events: unsupported p6 CPU model 140 no PMU driver, software events only.
[    0.228194] Hierarchical SRCU implementation.
[    0.236733] NMI watchdog: Perf event create on CPU 0 failed with -2
[    0.240009] NMI watchdog: Perf NMI watchdog permanently disabled
[    0.244399] smp: Bringing up secondary CPUs ...
[    0.249375] x86: Booting SMP configuration:
[    0.252095] .... node  #0, CPUs:      #1
[    0.004000] kvm-clock: cpu 1, msr 0:7ff44041, secondary cpu clock
[    0.266548] TSC synchronization [CPU#0 -> CPU#1]:
[    0.268000] Measured 82304 cycles TSC warp between CPUs, turning off TSC clock.
[    0.268000] tsc: Marking TSC unstable due to check_tsc_sync_source failed
[    0.272548] smp: Brought up 1 node, 2 CPUs
[    0.276014] smpboot: Max logical packages: 1
[    0.280012] smpboot: Total of 2 processors activated (11980.79 BogoMIPS)
[    0.288571] devtmpfs: initialized
[    0.292166] x86/mm: Memory block size: 128MB
[    0.296672] evm: security.selinux
[    0.300012] evm: security.SMACK64
[    0.304007] evm: security.SMACK64EXEC
[    0.308006] evm: security.SMACK64TRANSMUTE
[    0.312005] evm: security.SMACK64MMAP
[    0.316007] evm: security.apparmor
[    0.320006] evm: security.ima
[    0.324009] evm: security.capability
[    0.328740] clocksource: jiffies: mask: 0xffffffff max_cycles: 0xffffffff, max_idle_ns: 7645041785100000 ns
[    0.332028] futex hash table entries: 512 (order: 3, 32768 bytes)
[    0.336261] pinctrl core: initialized pinctrl subsystem
[    0.344175] RTC time: 17:44:01, date: 06/03/23
[    0.349458] NET: Registered protocol family 16
[    0.352242] audit: initializing netlink subsys (disabled)
[    0.356280] audit: type=2000 audit(1685814245.775:1): state=initialized audit_enabled=0 res=1
[    0.368017] cpuidle: using governor ladder
[    0.372025] cpuidle: using governor menu
[    0.376117] ACPI: bus type PCI registered
[    0.380009] acpiphp: ACPI Hot Plug PCI Controller Driver version: 0.5
[    0.388484] PCI: Using configuration type 1 for base access
[    0.396421] HugeTLB registered 2.00 MiB page size, pre-allocated 0 pages
[    0.404502] ACPI: Added _OSI(Module Device)
[    0.408017] ACPI: Added _OSI(Processor Device)
[    0.412015] ACPI: Added _OSI(3.0 _SCP Extensions)
[    0.416010] ACPI: Added _OSI(Processor Aggregator Device)
[    0.420015] ACPI: Added _OSI(Linux-Dell-Video)
[    0.424015] ACPI: Added _OSI(Linux-Lenovo-NV-HDMI-Audio)
[    0.428013] ACPI: Added _OSI(Linux-HPI-Hybrid-Graphics)
[    0.433358] ACPI: Executed 1 blocks of module-level executable AML code
[    0.442203] ACPI: Interpreter enabled
[    0.444062] ACPI: (supports S0 S5)
[    0.448020] ACPI: Using IOAPIC for interrupt routing
[    0.452499] PCI: Using host bridge windows from ACPI; if necessary, use "pci=nocrs" and report a bug
[    0.456541] ACPI: Enabled 2 GPEs in block 00 to 07
[    0.475252] ACPI: PCI Root Bridge [PCI0] (domain 0000 [bus 00-ff])
[    0.476031] acpi PNP0A03:00: _OSC: OS supports [ASPM ClockPM Segments MSI]
[    0.480965] acpi PNP0A03:00: _OSC: not requesting OS control; OS requires [ExtendedConfig ASPM ClockPM MSI]
[    0.484035] acpi PNP0A03:00: fail to add MMCONFIG information, can't access extended PCI configuration space under this bridge.
[    0.492530] PCI host bridge to bus 0000:00
[    0.496015] pci_bus 0000:00: root bus resource [io  0x0000-0x0cf7 window]
[    0.500016] pci_bus 0000:00: root bus resource [io  0x0d00-0xffff window]
[    0.504013] pci_bus 0000:00: root bus resource [mem 0x000a0000-0x000bffff window]
[    0.508017] pci_bus 0000:00: root bus resource [mem 0x80000000-0xfdffffff window]
[    0.512103] pci_bus 0000:00: root bus resource [bus 00-ff]
[    0.523114] pci 0000:00:01.1: legacy IDE quirk: reg 0x10: [io  0x01f0-0x01f7]
[    0.524015] pci 0000:00:01.1: legacy IDE quirk: reg 0x14: [io  0x03f6]
[    0.528017] pci 0000:00:01.1: legacy IDE quirk: reg 0x18: [io  0x0170-0x0177]
[    0.532020] pci 0000:00:01.1: legacy IDE quirk: reg 0x1c: [io  0x0376]
[    0.559759] pci 0000:00:07.0: quirk: [io  0x4000-0x403f] claimed by PIIX4 ACPI
[    0.560072] pci 0000:00:07.0: quirk: [io  0x4100-0x410f] claimed by PIIX4 SMB
[    0.579253] ACPI: PCI Interrupt Link [LNKA] (IRQs 5 9 10 *11)
[    0.580822] ACPI: PCI Interrupt Link [LNKB] (IRQs 5 9 *10 11)
[    0.584295] ACPI: PCI Interrupt Link [LNKC] (IRQs 5 *9 10 11)
[    0.588493] ACPI: PCI Interrupt Link [LNKD] (IRQs 5 9 10 *11)
[    0.596757] SCSI subsystem initialized
[    0.600260] pci 0000:00:02.0: vgaarb: setting as boot VGA device
[    0.604000] pci 0000:00:02.0: vgaarb: VGA device added: decodes=io+mem,owns=io+mem,locks=none
[    0.608021] pci 0000:00:02.0: vgaarb: bridge control possible
[    0.612021] vgaarb: loaded
[    0.614759] ACPI: bus type USB registered
[    0.616057] usbcore: registered new interface driver usbfs
[    0.620101] usbcore: registered new interface driver hub
[    0.624047] usbcore: registered new device driver usb
[    0.628410] EDAC MC: Ver: 3.0.0
[    0.633186] PCI: Using ACPI for IRQ routing
[    0.640442] NetLabel: Initializing
[    0.643718] NetLabel:  domain hash size = 128
[    0.644012] NetLabel:  protocols = UNLABELED CIPSOv4 CALIPSO
[    0.648188] NetLabel:  unlabeled traffic allowed by default
[    0.652589] clocksource: Switched to clocksource kvm-clock
[    0.676210] VFS: Disk quotas dquot_6.6.0
[    0.676210] VFS: Dquot-cache hash table entries: 512 (order 0, 4096 bytes)
[    0.676210] AppArmor: AppArmor Filesystem Enabled
[    0.676210] pnp: PnP ACPI init
[    0.676210] pnp: PnP ACPI: found 3 devices
[    0.769824] clocksource: acpi_pm: mask: 0xffffff max_cycles: 0xffffff, max_idle_ns: 2085701024 ns
[    0.772522] NET: Registered protocol family 2
[    0.772522] IP idents hash table entries: 32768 (order: 6, 262144 bytes)
[    0.785559] TCP established hash table entries: 16384 (order: 5, 131072 bytes)
[    0.791839] TCP bind hash table entries: 16384 (order: 6, 262144 bytes)
[    0.797126] TCP: Hash tables configured (established 16384 bind 16384)
[    0.800188] UDP hash table entries: 1024 (order: 3, 32768 bytes)
[    0.800188] UDP-Lite hash table entries: 1024 (order: 3, 32768 bytes)
[    0.800188] NET: Registered protocol family 1
[    0.800188] pci 0000:00:00.0: Limiting direct PCI/PCI transfers
[    0.800188] pci 0000:00:01.0: Activating ISA DMA hang workarounds
[    0.800188] pci 0000:00:02.0: Video device with shadowed ROM at [mem 0x000c0000-0x000dffff]
[    0.800188] Unpacking initramfs...
[    1.260073] Freeing initrd memory: 19536K
[    1.264390] clocksource: tsc: mask: 0xffffffffffffffff max_cycles: 0x2b2c8d6afc8, max_idle_ns: 440795331172 ns
[    1.272240] platform rtc_cmos: registered platform RTC device (no PNP device found)
[    1.278568] Scanning for low memory corruption every 60 seconds
[    1.284913] Initialise system trusted keyrings
[    1.288010] Key type blacklist registered
[    1.291599] workingset: timestamp_bits=36 max_order=19 bucket_order=0
[    1.299476] zbud: loaded
[    1.302747] squashfs: version 4.0 (2009/01/31) Phillip Lougher
[    1.308893] fuse init (API version 7.26)
[    1.337116] Key type asymmetric registered
[    1.340158] Asymmetric key parser 'x509' registered
[    1.344239] Block layer SCSI generic (bsg) driver version 0.4 loaded (major 246)
[    1.349732] io scheduler noop registered
[    1.352863] io scheduler deadline registered
[    1.355851] io scheduler cfq registered (default)
[    1.360123] ACPI: AC Adapter [AC] (on-line)
[    1.363658] input: Power Button as /devices/LNXSYSTM:00/LNXPWRBN:00/input/input0
[    1.370156] ACPI: Power Button [PWRF]
[    1.373947] input: Sleep Button as /devices/LNXSYSTM:00/LNXSLPBN:00/input/input1
[    1.378992] ACPI: Sleep Button [SLPF]
[    1.383541] ACPI: Battery Slot [BAT0] (battery present)
[    1.388486] Serial: 8250/16550 driver, 32 ports, IRQ sharing enabled
[    1.417741] 00:02: ttyS0 at I/O 0x3f8 (irq = 4, base_baud = 115200) is a 16550A
[    1.439561] Linux agpgart interface v0.103
[    1.449377] loop: module loaded
[    1.454172] scsi host0: ata_piix
[    1.457681] scsi host1: ata_piix
[    1.460526] ata1: PATA max UDMA/33 cmd 0x1f0 ctl 0x3f6 bmdma 0xd000 irq 14
[    1.464449] ata2: PATA max UDMA/33 cmd 0x170 ctl 0x376 bmdma 0xd008 irq 15
[    1.471177] tun: Universal TUN/TAP device driver, 1.6
[    1.475407] PPP generic driver version 2.4.2
[    1.479180] ehci_hcd: USB 2.0 'Enhanced' Host Controller (EHCI) Driver
[    1.483845] ehci-pci: EHCI PCI platform driver
[    1.486979] ehci-platform: EHCI generic platform driver
[    1.490534] ohci_hcd: USB 1.1 'Open' Host Controller (OHCI) Driver
[    1.494479] ohci-pci: OHCI PCI platform driver
[    1.498620] ohci-platform: OHCI generic platform driver
[    1.502330] uhci_hcd: USB Universal Host Controller Interface driver
[    1.506257] i8042: PNP: PS/2 Controller [PNP0303:PS2K,PNP0f03:PS2M] at 0x60,0x64 irq 1,12
[    1.514519] serio: i8042 KBD port at 0x60,0x64 irq 1
[    1.518459] serio: i8042 AUX port at 0x60,0x64 irq 12
[    1.523524] mousedev: PS/2 mouse device common for all mice
[    1.531258] rtc_cmos rtc_cmos: rtc core: registered rtc_cmos as rtc0
[    1.537047] input: AT Translated Set 2 keyboard as /devices/platform/i8042/serio0/input/input2
[    1.543375] rtc_cmos rtc_cmos: alarms up to one day, 114 bytes nvram
[    1.547682] i2c /dev entries driver
[    1.550348] device-mapper: uevent: version 1.0.3
[    1.554470] device-mapper: ioctl: 4.37.0-ioctl (2017-09-20) initialised: dm-devel@redhat.com
[    1.562593] ledtrig-cpu: registered to indicate activity on CPUs
[    1.570718] NET: Registered protocol family 10
[    1.581334] Segment Routing with IPv6
[    1.584910] NET: Registered protocol family 17
[    1.588927] Key type dns_resolver registered
[    1.593243] mce: Using 0 MCE banks
[    1.596761] RAS: Correctable Errors collector initialized.
[    1.601802] sched_clock: Marking stable (1601698503, 0)->(2745226965, -1143528462)
[    1.611586] registered taskstats version 1
[    1.616059] Loading compiled-in X.509 certificates
[    1.623851] Loaded X.509 cert 'Build time autogenerated kernel key: 6893c09f03d31bc6e9f3dd5a3a18faae0d596a39'
[    1.644999] Loaded X.509 cert 'Canonical Ltd. Live Patch Signing: 14df34d1a87cf37625abec039ef2bf521249b969'
[    1.653490] Loaded X.509 cert 'Canonical Ltd. Kernel Module Signing: 88f752e560a1e0737e31163a466ad7b70a850c19'
[    1.662228] blacklist: Loading compiled-in revocation X.509 certificates
[    1.668203] Loaded X.509 cert 'Canonical Ltd. Secure Boot Signing: 61482aa2830d0ab2ad5af10b7250da9033ddcef0'
[    1.676479] Loaded X.509 cert 'Canonical Ltd. Secure Boot Signing (2017): 242ade75ac4a15e50d50c84b0d45ff3eae707a03'
[    1.684604] Loaded X.509 cert 'Canonical Ltd. Secure Boot Signing (ESM 2018): 365188c1d374d6b07c3c8f240f8ef722433d6a8b'
[    1.694161] Loaded X.509 cert 'Canonical Ltd. Secure Boot Signing (2019): c0746fd6c5da3ae827864651ad66ae47fe24b3e8'
[    1.704353] Loaded X.509 cert 'Canonical Ltd. Secure Boot Signing (2021 v1): a8d54bbb3825cfb94fa13c9f8a594a195c107b8d'
[    1.714165] Loaded X.509 cert 'Canonical Ltd. Secure Boot Signing (2021 v2): 4cf046892d6fd3c9a5b03f98d845f90851dc6a8c'
[    1.724821] Loaded X.509 cert 'Canonical Ltd. Secure Boot Signing (2021 v3): 100437bb6de6e469b581e61cd66bce3ef4ed53af'
[    1.734042] Loaded X.509 cert 'Canonical Ltd. Secure Boot Signing (Ubuntu Core 2019): c1d57b8f6b743f23ee41f4f7ee292f06eecadfb9'
[    1.743919] zswap: loaded using pool lzo/zbud
[    1.754646] Key type big_key registered
[    1.757964] Key type trusted registered
[    1.764752] Key type encrypted registered
[    1.767878] AppArmor: AppArmor sha1 policy hashing enabled
[    1.772847] ima: No TPM chip found, activating TPM-bypass! (rc=-19)
[    1.777839] ima: Allocated hash algorithm: sha1
[    1.781760] evm: HMAC attrs: 0x1
[    1.785557]   Magic number: 11:711:743
[    1.789754] rtc_cmos rtc_cmos: setting system clock to 2023-06-03 17:44:02 UTC (1685814242)
[    1.797505] BIOS EDD facility v0.16 2004-Jun-25, 0 devices found
[    1.801971] EDD information not available.
[    1.807930] Freeing unused kernel image memory: 2480K
[    1.832661] Write protecting the kernel read-only data: 20480k
[    1.837504] Freeing unused kernel image memory: 2008K
[    1.841480] Freeing unused kernel image memory: 1820K
[    1.848355] x86/mm: Checked W+X mappings: passed, no W+X pages found.
Loading, please wait...
starting version 237
[    1.910756] Fusion MPT base driver 3.04.20
[    1.914804] Copyright (c) 1999-2008 LSI Corporation
[    1.928208] e1000: Intel(R) PRO/1000 Network Driver - version 7.3.21-k8-NAPI
[    1.933701] e1000: Copyright (c) 1999-2006 Intel Corporation.
[    1.973583] SSE version of gcm_enc/dec engaged.
[    1.986734] Fusion MPT SPI Host driver 3.04.20
[    2.188154] input: ImExPS/2 Generic Explorer Mouse as /devices/platform/i8042/serio1/input/input4
[    2.835775] e1000 0000:00:03.0 eth0: (PCI:33MHz:32-bit) 02:ce:cf:1b:c9:4b
[    2.841011] e1000 0000:00:03.0 eth0: Intel(R) PRO/1000 Network Connection
[    3.449754] e1000 0000:00:08.0 eth1: (PCI:33MHz:32-bit) 08:00:27:80:61:1a
[    3.454245] e1000 0000:00:08.0 eth1: Intel(R) PRO/1000 Network Connection
[    3.461423] e1000 0000:00:08.0 enp0s8: renamed from eth1
[    3.480763] mptbase: ioc0: Initiating bringup
[    3.877252] e1000 0000:00:03.0 enp0s3: renamed from eth0
[    3.983222] ioc0: LSI53C1030 A0: Capabilities={Initiator}
[    4.916679] scsi host2: ioc0: LSI53C1030 A0, FwRev=00000000h, Ports=1, MaxQ=256, IRQ=20
[    5.446729] scsi 2:0:0:0: Direct-Access     VBOX     HARDDISK         1.0  PQ: 0 ANSI: 5
[    5.484673] scsi target2:0:0: Beginning Domain Validation
[    5.499231] scsi target2:0:0: Domain Validation skipping write tests
[    5.504193] scsi target2:0:0: Ending Domain Validation
[    5.507816] scsi target2:0:0: asynchronous
[    5.513071] scsi 2:0:1:0: Direct-Access     VBOX     HARDDISK         1.0  PQ: 0 ANSI: 5
[    5.548488] scsi target2:0:1: Beginning Domain Validation
[    5.561386] scsi target2:0:1: Domain Validation skipping write tests
[    5.566346] scsi target2:0:1: Ending Domain Validation
[    5.570125] scsi target2:0:1: asynchronous
[    5.586512] sd 2:0:0:0: Attached scsi generic sg0 type 0
[    5.587557] sd 2:0:0:0: [sda] 83886080 512-byte logical blocks: (42.9 GB/40.0 GiB)
[    5.591921] sd 2:0:1:0: Attached scsi generic sg1 type 0
[    5.598337] sd 2:0:0:0: [sda] Write Protect is off
[    5.607359] sd 2:0:0:0: [sda] Incomplete mode parameter data
[    5.607472] sd 2:0:1:0: [sdb] 20480 512-byte logical blocks: (10.5 MB/10.0 MiB)
[    5.611977] sd 2:0:0:0: [sda] Assuming drive cache: write through
[    5.623169] sd 2:0:1:0: [sdb] Write Protect is off
[    5.628852] sd 2:0:1:0: [sdb] Incomplete mode parameter data
[    5.632837]  sda: sda1
[    5.633626] sd 2:0:1:0: [sdb] Assuming drive cache: write through
[    5.644811] sd 2:0:0:0: [sda] Attached SCSI disk
[    5.651970] sd 2:0:1:0: [sdb] Attached SCSI disk
Begin: Loading essential drivers ... [    7.544623] raid6: sse2x1   gen() 16475 MB/s
[    7.596106] raid6: sse2x1   xor() 10093 MB/s
[    7.648460] raid6: sse2x2   gen() 21284 MB/s
[    7.697013] raid6: sse2x2   xor() 13912 MB/s
[    7.748755] raid6: sse2x4   gen() 22482 MB/s
[    7.800002] raid6: sse2x4   xor() 12490 MB/s
[    7.803641] raid6: using algorithm sse2x4 gen() 22482 MB/s
[    7.807516] raid6: .... xor() 12490 MB/s, rmw enabled
[    7.811031] raid6: using ssse3x2 recovery algorithm
[    7.816764] xor: measuring software checksum speed
[   11.878827]    prefetch64-sse: 1362814.704 MB/sec
[   12.988725]    generic_sse: 66575.000 MB/sec
[   12.992419] xor: using function: prefetch64-sse (1362814.704 MB/sec)
[   12.999118] async_tx: api initialized (async)
done.
Begin: Running /scripts/init-premount ... done.
Begin: Mounting root file system ... Begin: Running /scripts/local-top ... done.
Begin: Running /scripts/local-premount ... [   13.056496] Btrfs loaded, crc32c=crc32c-intel
Scanning for Btrfs filesystems
done.
Warning: fsck not present, so skipping root file system
[   13.107670] EXT4-fs (sda1): mounted filesystem with ordered data mode. Opts: (null)
done.
Begin: Running /scripts/local-bottom ... done.
Begin: Running /scripts/init-bottom ... done.
[   13.296984] ip_tables: (C) 2000-2006 Netfilter Core Team
[   13.315689] systemd[1]: systemd 237 running in system mode. (+PAM +AUDIT +SELINUX +IMA +APPARMOR +SMACK +SYSVINIT +UTMP +LIBCRYPTSETUP +GCRYPT +GNUTLS +ACL +XZ +LZ4 +SECCOMP +BLKID +ELFUTILS +KMOD -IDN2 +IDN -PCRE2 default-hierarchy=hybrid)
[   13.329524] systemd[1]: Detected virtualization oracle.
[   13.334251] systemd[1]: Detected architecture x86-64.

Welcome to [1mUbuntu 18.04.6 LTS[0m!

[   13.361972] systemd[1]: Set hostname to <ubuntu>.
[   13.370728] systemd[1]: Initializing machine ID from random generator.
[   13.375402] systemd[1]: Installed transient /etc/machine-id file.
[   13.692597] systemd[1]: Reached target Swap.
[[0;32m  OK  [0m] Reached target Swap.
[   13.696636] systemd[1]: Reached target User and Group Name Lookups.
[[0;32m  OK  [0m] Reached target User and Group Name Lookups.
[   13.702020] systemd[1]: Reached target System Time Synchronized.
[[0;32m  OK  [0m] Reached target System Time Synchronized.
[   13.707163] systemd[1]: Set up automount Arbitrary Executable File Formats File System Automount Point.
[[0;32m  OK  [0m] Set up automount Arbitrary Executab…rmats File System Automount Point.
[[0;32m  OK  [0m] Created slice User and Session Slice.
[[0;32m  OK  [0m] Created slice System Slice.
[[0;32m  OK  [0m] Listening on Journal Audit Socket.
[[0;32m  OK  [0m] Created slice system-serial\x2dgetty.slice.
[[0;32m  OK  [0m] Listening on Network Service Netlink Socket.
[[0;32m  OK  [0m] Listening on udev Control Socket.
[[0;32m  OK  [0m] Listening on LVM2 metadata daemon socket.
[[0;32m  OK  [0m] Listening on /dev/initctl Compatibility Named Pipe.
[[0;32m  OK  [0m] Reached target Slices.
[[0;32m  OK  [0m] Listening on Syslog Socket.
[[0;32m  OK  [0m] Listening on LVM2 poll daemon socket.
[[0;32m  OK  [0m] Reached target Mounting snaps.
[[0;32m  OK  [0m] Reached target Mounted snaps.
[[0;32m  OK  [0m] Started Forward Password Requests to Wall Directory Watch.
[[0;32m  OK  [0m] Listening on udev Kernel Socket.
[[0;32m  OK  [0m] Listening on Journal Socket (/dev/log).
[[0;32m  OK  [0m] Listening on fsck to fsckd communication Socket.
[[0;32m  OK  [0m] Listening on Journal Socket.
         Mounting Huge Pages File System...
         Mounting Kernel Debug File System...
         Starting udev Coldplug all Devices...
         Starting Uncomplicated firewall...
         Starting Load Kernel Modules...
         Starting Journal Service...
         Starting File System Check on Root Device...
         Starting Set the console keyboard layout...
         Mounting POSIX Message Queue File System...
         Starting Create list of required st…ce nodes for the current kernel...
[[0;32m  OK  [0m] Listening on Device-mapper event daemon FIFOs.
         Starting Monitoring of LVM2 mirrors…ng dmeventd or progress polling...
[   13.840851] Loading iSCSI transport class v2.0-870.
[[0;32m  OK  [0m] Started Journal Service.
[[0;32m  OK  [0m] Mounted Huge Pages File System.
[[0;32m  OK  [0m] Mounted Kernel Debug File System.
[[0;32m  OK  [0m] Started Uncomplicated firewall.
[[0;32m  OK  [0m] Mounted POSIX Message Queue File System.
[[0;32m  OK  [0m] Started Create list of required sta…vice nodes for the current kernel.
[[0;32m  OK  [0m] Started File System Check Daemon to report status.
         Starting Create Static Device Nodes in /dev...
[[0;32m  OK  [0m] Started udev Coldplug all Devices.
[[0;32m  OK  [0m] Started LVM2 metadata daemon.
[   13.910850] iscsi: registered transport (tcp)
[   13.932734] iscsi: registered transport (iser)
[[0;32m  OK  [0m] Started Load Kernel Modules.
         Starting Apply Kernel Variables...
         Mounting Kernel Configuration File System...
         Mounting FUSE Control File System...
[[0;32m  OK  [0m] Mounted Kernel Configuration File System.
[[0;32m  OK  [0m] Mounted FUSE Control File System.
[[0;32m  OK  [0m] Started Create Static Device Nodes in /dev.
[[0;32m  OK  [0m] Started File System Check on Root Device.
         Starting Remount Root and Kernel File Systems...
[[0;32m  OK  [0m] Started Monitoring of LVM2 mirrors,…sing dmeventd or progress polling.
[[0;32m  OK  [0m] Started Apply Kernel Variables.
[[0;32m  OK  [0m] Started Remount Root and Kernel File Systems.
         Starting Flush Journal to Persistent Storage...
         Starting udev Kernel Device Manager...
         Starting Load/Save Random Seed...
[[0;32m  OK  [0m] Started Load/Save Random Seed.
[[0;32m  OK  [0m] Started udev Kernel Device Manager.
[[0;32m  OK  [0m] Started Flush Journal to Persistent Storage.
[[0;32m  OK  [0m] Found device /dev/ttyS0.
[[0;32m  OK  [0m] Listening on Load/Save RF Kill Switch Status /dev/rfkill Watch.
[[0;32m  OK  [0m] Started Set the console keyboard layout.
[[0;32m  OK  [0m] Reached target Local File Systems (Pre).
[[0;32m  OK  [0m] Reached target Local File Systems.
         Starting Tell Plymouth To Write Out Runtime Data...
         Starting AppArmor initialization...
         Starting ebtables ruleset management...
         Starting Create Volatile Files and Directories...
         Starting Commit a transient machine-id on disk...
         Starting Set console font and keymap...
[[0;32m  OK  [0m] Started Dispatch Password Requests to Console Directory Watch.
[[0;32m  OK  [0m] Reached target Local Encrypted Volumes.
[[0;32m  OK  [0m] Started Tell Plymouth To Write Out Runtime Data.
[[0;32m  OK  [0m] Started Create Volatile Files and Directories.
         Starting Update UTMP about System Boot/Shutdown...
         Mounting Arbitrary Executable File Formats File System...
[[0;32m  OK  [0m] Mounted Arbitrary Executable File Formats File System.
[[0;32m  OK  [0m] Started Update UTMP about System Boot/Shutdown.
[[0;32m  OK  [0m] Started Commit a transient machine-id on disk.
[[0;32m  OK  [0m] Started ebtables ruleset management.
[[0;32m  OK  [0m] Started AppArmor initialization.
         Starting Load AppArmor profiles managed internally by snapd...
         Starting Initial cloud-init job (pre-networking)...
[[0;32m  OK  [0m] Started Load AppArmor profiles managed internally by snapd.
[[0;32m  OK  [0m] Started Set console font and keymap.
[   17.089361] cloud-init[764]: Cloud-init v. 23.1.2-0ubuntu0~18.04.1 running 'init-local' at Sat, 03 Jun 2023 17:44:17 +0000. Up 16.75 seconds.
[[0;32m  OK  [0m] Started Initial cloud-init job (pre-networking).
[[0;32m  OK  [0m] Reached target Network (Pre).
         Starting Network Service...
[[0;32m  OK  [0m] Started Network Service.
         Starting Wait for Network to be Configured...
         Starting Network Name Resolution...
[[0;32m  OK  [0m] Started Network Name Resolution.
[[0;32m  OK  [0m] Reached target Network.
[[0;32m  OK  [0m] Reached target Host and Network Name Lookups.
[[0;32m  OK  [0m] Started Wait for Network to be Configured.
         Starting Initial cloud-init job (metadata service crawler)...
[   19.630877] cloud-init[922]: Cloud-init v. 23.1.2-0ubuntu0~18.04.1 running 'init' at Sat, 03 Jun 2023 17:44:20 +0000. Up 19.53 seconds.
[   19.634177] cloud-init[922]: ci-info: ++++++++++++++++++++++++++++++++++++++Net device info+++++++++++++++++++++++++++++++++++++++
[   19.637528] cloud-init[922]: ci-info: +--------+-------+----------------------------+---------------+--------+-------------------+
[   19.640783] cloud-init[922]: ci-info: | Device |   Up  |          Address           |      Mask     | Scope  |     Hw-Address    |
[   19.643776] cloud-init[922]: ci-info: +--------+-------+----------------------------+---------------+--------+-------------------+
[   19.646560] cloud-init[922]: ci-info: | enp0s3 |  True |         10.0.2.15          | 255.255.255.0 | global | 02:ce:cf:1b:c9:4b |
[   19.650473] cloud-init[922]: ci-info: | enp0s3 |  True | fe80::ce:cfff:fe1b:c94b/64 |       .       |  link  | 02:ce:cf:1b:c9:4b |
[   19.653729] cloud-init[922]: ci-info: | enp0s8 | False |             .              |       .       |   .    | 08:00:27:80:61:1a |
[   19.657126] cloud-init[922]: ci-info: |   lo   |  True |         127.0.0.1          |   255.0.0.0   |  host  |         .         |
[   19.660395] cloud-init[922]: ci-info: |   lo   |  True |          ::1/128           |       .       |  host  |         .         |
[   19.663737] cloud-init[922]: ci-info: +--------+-------+----------------------------+---------------+--------+-------------------+
[   19.666595] cloud-init[922]: ci-info: ++++++++++++++++++++++++++++Route IPv4 info+++++++++++++++++++++++++++++
[   19.668979] cloud-init[922]: ci-info: +-------+-------------+----------+-----------------+-----------+-------+
[   19.671871] cloud-init[922]: ci-info: | Route | Destination | Gateway  |     Genmask     | Interface | Flags |
[   19.674601] cloud-init[922]: ci-info: +-------+-------------+----------+-----------------+-----------+-------+
[   19.677455] cloud-init[922]: ci-info: |   0   |   0.0.0.0   | 10.0.2.2 |     0.0.0.0     |   enp0s3  |   UG  |
[   19.680343] cloud-init[922]: ci-info: |   1   |   10.0.2.0  | 0.0.0.0  |  255.255.255.0  |   enp0s3  |   U   |
[   19.682737] cloud-init[922]: ci-info: |   2   |   10.0.2.2  | 0.0.0.0  | 255.255.255.255 |   enp0s3  |   UH  |
[   19.685381] cloud-init[922]: ci-info: +-------+-------------+----------+-----------------+-----------+-------+
[   19.688398] cloud-init[922]: ci-info: +++++++++++++++++++Route IPv6 info+++++++++++++++++++
[   19.690633] cloud-init[922]: ci-info: +-------+-------------+---------+-----------+-------+
[   19.693051] cloud-init[922]: ci-info: | Route | Destination | Gateway | Interface | Flags |
[   19.695324] cloud-init[922]: ci-info: +-------+-------------+---------+-----------+-------+
[   19.698067] cloud-init[922]: ci-info: |   1   |  fe80::/64  |    ::   |   enp0s3  |   U   |
[   19.700741] cloud-init[922]: ci-info: |   3   |    local    |    ::   |   enp0s3  |   U   |
[   19.703291] cloud-init[922]: ci-info: |   4   |   ff00::/8  |    ::   |   enp0s3  |   U   |
[   19.705646] cloud-init[922]: ci-info: +-------+-------------+---------+-----------+-------+
[   20.518186] cloud-init[922]: Generating public/private rsa key pair.
[   20.521919] cloud-init[922]: Your identification has been saved in /etc/ssh/ssh_host_rsa_key.
[   20.525888] cloud-init[922]: Your public key has been saved in /etc/ssh/ssh_host_rsa_key.pub.
[   20.530059] cloud-init[922]: The key fingerprint is:
[   20.533302] cloud-init[922]: SHA256:H4RNxz9SV4gG2p9G8BZsyAnC6ON2KNYPPASFWxkXRzU root@ubuntu-bionic
[   20.537292] cloud-init[922]: The key's randomart image is:
[   20.539408] cloud-init[922]: +---[RSA 2048]----+
[   20.552461] cloud-init[922]: |   oo=+o++E*o. .o|
[   20.555836] cloud-init[922]: |  o +..o *+=*.o .|
[   20.559293] cloud-init[922]: |   =    o +o+o . |
[   20.562935] cloud-init[922]: |  . +    . +..o  |
[   20.566644] cloud-init[922]: |   = o  S . +. . |[[0;32m  OK  [0m] Started Initial cloud-init job (metadata service crawler).
[[0;32m  OK  [0m] Reached target Cloud-config availability.
[[0;32m  OK  [0m] Reached target Network is Online.
         Starting Availability of block devices...
[[0;32m  OK  [0m] Reached target Remote File Systems (Pre).
[[0;32m  OK  [0m] Reached target Remote File Systems.
[[0;32m  OK  [0m] Reached target System Initialization.
[[0;32m  OK  [0m] Started ACPI Events Check.
[[0;32m  OK  [0m] Started Daily apt download activities.
[[0;32m  OK  [0m] Started Discard unused blocks once a week.
[[0;32m  OK  [0m] Listening on cloud-init hotplug hook socket.
[[0;32m  OK  [0m] Listening on Open-iSCSI iscsid Socket.
[[0;32m  OK  [0m] Listening on ACPID Listen Socket.
         Starting Socket activation for snappy daemon.
[[0;32m  OK  [0m] Reached target Paths.
[[0;32m  OK  [0m] Listening on D-Bus System Message Bus Socket.
[[0;32m  OK  [0m] Listening on UUID daemon activation socket.
[[0;32m  OK  [0m] Started Message of the Day.
[[0;32m  OK  [0m] Started Daily Cleanup of Temporary Directories.
[[0;32m  OK  [0m] Started Daily apt upgrade and clean activities.
[[0;32m  OK  [0m] Started Ubuntu Advantage Timer for running repeated jobs.
[[0;32m  OK  [0m] Reached target Timers.
         Starting LXD - unix socket.
[[0;32m  OK  [0m] Listening on LXD - unix socket.
[[0;32m  OK  [0m] Listening on Socket activation for snappy daemon.
[[0;32m  OK  [0m] Reached target Sockets.
[[0;32m  OK  [0m] Reached target Basic System.
         Starting Accounts Service...
[[0;32m  OK  [0m] Started Deferred execution scheduler.
         Starting Dispatcher daemon for systemd-networkd...
[[0;32m  OK  [0m] Started FUSE filesystem for LXC.
[[0;32m  OK  [0m] Started irqbalance daemon.
         Starting LSB: automatic crash report generation...
[[0;32m  OK  [0m] Started Regular background program processing daemon.
[[0;32m  OK  [0m] Started D-Bus System Message Bus.

[   20.614810] cloud-init[922]: |  o O .  . o     |
[   20.618036] cloud-init[922]: | . o =    .      |
[   20.621676] cloud-init[922]: |      .          |
[   20.625517] cloud-init[922]: |                 |
[   20.641808] cloud-init[922]: +----[SHA256]-----+
[   20.645342] cloud-init[922]: Generating public/private dsa key pair.
[   20.651257] cloud-init[922]: Your identification has been saved in /etc/ssh/ssh_host_dsa_key.
[   20.661892] cloud-init[922]: Your public key has been saved in /etc/ssh/ssh_host_dsa_key.pub.
[   20.669492] cloud-init[922]: The key fingerprint is:
[   20.674170] cloud-init[922]: SHA256:o45bTMCtqTnCMt50pdKs3NspDbzyzuauqKJ5NEf2+5w root@ubuntu-bionic
[   20.688860] cloud-init[922]: The key's randomart image is:
[   20.702069] cloud-init[922]: +---[DSA 1024]----+
[   20.703582] cloud-init[922]: |                 |
[   20.705045] cloud-init[922]: |   . .           |
[   20.706329] cloud-init[922]: |    o .          |
[   20.707508] cloud-init[922]: |    o+           |
[   20.709238] cloud-init[922]: |   o+...S        |
[   20.710535] cloud-init[922]: |. oo+=+. .       |
[   20.711756] cloud-init[922]: |+o+= =B.         |
[   20.712964] cloud-init[922]: |++*o*Boo..       |
[   20.714202] cloud-init[922]: |B+ =@X++E        |
[   20.715390] cloud-init[922]: +----[SHA256]-----+
[   20.716651] cloud-init[922]: Generating public/private ecdsa key pair.
[   20.718323] cloud-init[922]: Your identification has been saved in /etc/ssh/ssh_host_ecdsa_key.
[   20.720681] cloud-init[922]: Your public key has been saved in /etc/ssh/ssh_host_ecdsa_key.pub.
[   20.722941] cloud-init[922]: The key fingerprint is:
[   20.724425] cloud-init[922]: SHA256:NwfSA/6l8h5M/uHVnt4zsjIgczPJNdbRZAMrrCDvHkc root@ubuntu-bionic
[   20.726659] cloud-init[922]: The key's randomart image is:
[   20.728097] cloud-init[922]: +---[ECDSA 256]---+
[   20.729488] cloud-init[922]: |        .    .++ |
[   20.730744] cloud-init[922]: |       . o.  .o..|
[   20.732027] cloud-init[922]: |     . .o +oo..  |
[   20.733394] cloud-init[922]: |      o .o.O..   |
[   20.735787] cloud-init[922]: |       .SEX o    |
[   20.739113] cloud-init[922]: |      .o.# o   . |
[   20.741996] cloud-init[922]: |       o+.O . . .|
[   20.745662] cloud-init[922]: |      . o. * + +o|
[   20.749384] cloud-init[922]: |       .  . =.+o=|
[   20.752945] cloud-init[922]: +----[SHA256]-----+
         Starting Login Service...
[   20.766445] cloud-init[922]: Generating public/private ed25519 key pair.         Starting Pollinate to seed the pseudo random number generator...
[[0;32m  OK  [0m] Reached target Login Prompts (Pre).
         Starting Permit User Sessions...
         Starting Virtualbox guest utils...
         Starting System Logging Service...
         Starting Snap Daemon...
         Starting LSB: Record successful boot for GRUB...

         Starting LXD - container startup/shutdown...
[   20.798373] cloud-init[922]: Your identification has been saved in /etc/ssh/ssh_host_ed25519_key.[[0;32m  OK  [0m] Started Availability of block devices.

[   20.811024] cloud-init[922]: Your public key has been saved in /etc/ssh/ssh_host_ed25519_key.pub.
[   20.837169] cloud-init[[0;32m  OK  [0m] Started Login Service.
[922]: [[0;32m  OK  [0m] Started Unattended Upgrades Shutdown.
The key fingerprint is:
[   20.863928] cloud-init[922]: SHA256:DLt4pNo02W2XxTQCfxtEbiyKfXnFO1Cg4/sLTddeams root@ubuntu-bionic
[   20.869995] cloud-init[922]: The key's randomart image is:
[   20.877127] cloud-init[922]: +--[ED25519 256]--+
[   20.880968] cloud-init[922]: |        .  .+..  |
[   20.884476] cloud-init[922]: |         o = o   |
[   20.887499] cloud-init[922]: |      .   * X o  |
[   20.890873] cloud-init[922]: |       * o X * o |
[   20.894959] cloud-init[922]: |      + S + * + o|
[   20.898626] cloud-init[922]: |     * o . B . +.|
[   20.902426] cloud-init[922]: |    * + o = . o .|
[   20.906281] cloud-init[922]: |   + o . . o .E. |
[   20.910585] cloud-init[922]: |  . .       oo.  |
[   20.924736] cloud-init[922]: +----[SHA256]-----+
[[0;32m  OK  [0m] Started System Logging Service.
[[0;32m  OK  [0m] Started Permit User Sessions.
         Starting Hold until boot process finishes up...
         Starting Terminate Plymouth Boot Screen...
[[0;32m  OK  [0m] Started Hold until boot process finishes up.
[[0;32m  OK  [0m] Started Terminate Plymouth Boot Screen.
[[0;32m  OK  [0m] Started LSB: automatic crash report generation.
         Starting Authorization Manager...
         Starting Set console scheme...
[[0;32m  OK  [0m] Started Serial Getty on ttyS0.
[[0;32m  OK  [0m] Started Set console scheme.
[[0;32m  OK  [0m] Created slice system-getty.slice.
[[0;32m  OK  [0m] Started Getty on tty1.
[[0;32m  OK  [0m] Reached target Login Prompts.
[[0;32m  OK  [0m] Started LSB: Record successful boot for GRUB.
[[0;32m  OK  [0m] Started Authorization Manager.
[[0;32m  OK  [0m] Started Accounts Service.
[[0;32m  OK  [0m] Started LXD - container startup/shutdown.
[[0;32m  OK  [0m] Started Virtualbox guest utils.
[[0;32m  OK  [0m] Started Dispatcher daemon for systemd-networkd.
[[0;32m  OK  [0m] Started Snap Daemon.
         Starting Wait until snapd is fully seeded...
[[0;32m  OK  [0m] Started Pollinate to seed the pseudo random number generator.
         Starting OpenBSD Secure Shell server...
         Starting Time & Date Service...
[[0;32m  OK  [0m] Started OpenBSD Secure Shell server.
[[0;32m  OK  [0m] Started Time & Date Service.
[[0;32m  OK  [0m] Started Wait until snapd is fully seeded.
         Starting Apply the settings specified in cloud-config...
[[0;32m  OK  [0m] Created slice User Slice of vagrant.
         Starting User Manager for UID 1000...
[[0;32m  OK  [0m] Started Session 1 of user vagrant.
[   25.945979] cloud-init[1430]: Cloud-init v. 23.1.2-0ubuntu0~18.04.1 running 'modules:config' at Sat, 03 Jun 2023 17:44:26 +0000. Up 25.43 seconds.
[[0;32m  OK  [0m] Started User Manager for UID 1000.
[[0;32m  OK  [0m] Started Apply the settings specified in cloud-config.
[[0;32m  OK  [0m] Reached target Multi-User System.
[[0;32m  OK  [0m] Reached target Graphical Interface.
         Starting Update UTMP about System Runlevel Changes...
         Starting Execute cloud user/final scripts...
[[0;32m  OK  [0m] Started Update UTMP about System Runlevel Changes.
ci-info: no authorized SSH keys fingerprints found for user ubuntu.
<14>Jun  3 17:44:27 cloud-init: #############################################################
<14>Jun  3 17:44:27 cloud-init: -----BEGIN SSH HOST KEY FINGERPRINTS-----
<14>Jun  3 17:44:27 cloud-init: 1024 SHA256:o45bTMCtqTnCMt50pdKs3NspDbzyzuauqKJ5NEf2+5w root@ubuntu-bionic (DSA)
<14>Jun  3 17:44:27 cloud-init: 256 SHA256:NwfSA/6l8h5M/uHVnt4zsjIgczPJNdbRZAMrrCDvHkc root@ubuntu-bionic (ECDSA)
<14>Jun  3 17:44:27 cloud-init: 256 SHA256:DLt4pNo02W2XxTQCfxtEbiyKfXnFO1Cg4/sLTddeams root@ubuntu-bionic (ED25519)
<14>Jun  3 17:44:27 cloud-init: 2048 SHA256:H4RNxz9SV4gG2p9G8BZsyAnC6ON2KNYPPASFWxkXRzU root@ubuntu-bionic (RSA)
<14>Jun  3 17:44:27 cloud-init: -----END SSH HOST KEY FINGERPRINTS-----
<14>Jun  3 17:44:27 cloud-init: #############################################################
-----BEGIN SSH HOST KEY KEYS-----
ecdsa-sha2-nistp256 AAAAE2VjZHNhLXNoYTItbmlzdHAyNTYAAAAIbmlzdHAyNTYAAABBBKCDm7xdSOglWMYIygUCLd6jkV+rK7Kwo0aMfjDwF5IXTdqrBdIstHScmCUpdwCvSjgM2BMzLBOy02eJJMfmYtE= root@ubuntu-bionic
ssh-ed25519 AAAAC3NzaC1lZDI1NTE5AAAAIN0rsW3GWw3igRbTYMAVpfHSDtBQOrU/lHiQT0uDMhN4 root@ubuntu-bionic
ssh-rsa AAAAB3NzaC1yc2EAAAADAQABAAABAQDZd0mu94rnY+yG6i9eEGKwBEZLiS3XhmWcpQUbrbcVgssCEoyAQAL74glHxZNlhxgMPkdO2jkv41pe6hgEWVVchHPgHWX0eJ4iB6tJ9y+kPIz2S8jHugQwNjTHZfNZueXQUD5fkJoq8cJTKNfxBpFsViR1dpZsejJbsEgIIBDM+DAvBgPVH8GIAHTnBXA+7ME4CDuCJMAERmC9LyjTRV2eApL+UrQ34PYgay05y6sCKmFoCwFQr8RQWuTBtYzIDhPX63SCxQwSxFD6+f+oqC2ZPqq/FDdUu6Zw+XxcDO6s1IFulcN/H3XWJlOmyxp65+8MT6ZuibifOAbnaOwHz5q5 root@ubuntu-bionic
-----END SSH HOST KEY KEYS-----
[   26.782164] cloud-init[1517]: Cloud-init v. 23.1.2-0ubuntu0~18.04.1 running 'modules:final' at Sat, 03 Jun 2023 17:44:27 +0000. Up 26.53 seconds.
[   26.788121] cloud-init[1517]: Cloud-init v. 23.1.2-0ubuntu0~18.04.1 finished at Sat, 03 Jun 2023 17:44:27 +0000. Datasource DataSourceNoCloud [seed=/dev/sdb][dsmode=net].  Up 26.77 seconds

Ubuntu 18.04.6 LTS ubuntu-bionic ttyS0

ubuntu-bionic login: 